<?xml version="1.0" encoding="UTF-8"?>
<!-- Generated by org.testng.reporters.JUnitXMLReporter -->
<testsuite hostname="LAPTOP-FCF0NK19" ignored="0" name="Chrome MyTest" tests="4" failures="0" timestamp="2022-03-21T22:09:32 IST" time="29.055" errors="0">
  <testcase name="verifyErrorMessageForNoMatch" time="3.135" classname="executeClasses.ExecuteManageLocation"/>
  <testcase name="verifyUserAbleToAddLocation" time="7.174" classname="executeClasses.ExecuteManageLocation"/>
  <testcase name="verifyUserAbleToChangeLocationStatus" time="5.147" classname="executeClasses.ExecuteManageLocation"/>
  <testcase name="verifyUserAbleToSearchLocationWithCountryName" time="2.139" classname="executeClasses.ExecuteManageLocation"/>
</testsuite> <!-- Chrome MyTest -->
