<?xml version="1.0" encoding="UTF-8"?>
<!-- Generated by org.testng.reporters.JUnitXMLReporter -->
<testsuite hostname="LAPTOP-FCF0NK19" ignored="27" name="Grouping Test" tests="4" failures="0" timestamp="2022-03-21T21:56:39 IST" time="26.654" errors="0">
  <testcase name="verifyLoggedUsername" time="0.822" classname="executeClasses.ExecuteLogin"/>
  <testcase name="verifyUserCanChangeDeliveryTime" time="5.927" classname="executeClasses.ExecuteManageOrder"/>
  <testcase name="verifyWorkingOfResetButton" time="2.367" classname="executeClasses.ExecuteManageOrder"/>
  <testcase name="verifyUserAbleToCreateGroup" time="3.535" classname="executeClasses.ExecuteManageGroups"/>
  <testcase name="verifyTextOfNewButton" time="0.0" classname="executeClasses.ExecuteExpenseCategory">
    <ignored/>
  </testcase> <!-- verifyTextOfNewButton -->
  <testcase name="verifyErrorMessageforNoSearch" time="0.0" classname="executeClasses.ExecuteManageOrder">
    <ignored/>
  </testcase> <!-- verifyErrorMessageforNoSearch -->
  <testcase name="verifyThatUserCannotLoginWithInvalidCredentials" time="0.0" classname="executeClasses.ExecuteLogin">
    <ignored/>
  </testcase> <!-- verifyThatUserCannotLoginWithInvalidCredentials -->
  <testcase name="verifyUserAbleToSearchASpecificGroup" time="0.0" classname="executeClasses.ExecuteManageGroups">
    <ignored/>
  </testcase> <!-- verifyUserAbleToSearchASpecificGroup -->
  <testcase name="verifyUserIsAbleToChangeStatusOfDeliveryBoy" time="0.0" classname="executeClasses.ExecuteManageDeliverBoyPage">
    <ignored/>
  </testcase> <!-- verifyUserIsAbleToChangeStatusOfDeliveryBoy -->
  <testcase name="verifyErrorMessageForInvalidSearch" time="0.0" classname="executeClasses.ExecuteManageGroups">
    <ignored/>
  </testcase> <!-- verifyErrorMessageForInvalidSearch -->
  <testcase name="verifyUserAbleToAddExpenseCategory" time="0.0" classname="executeClasses.ExecuteExpenseCategory">
    <ignored/>
  </testcase> <!-- verifyUserAbleToAddExpenseCategory -->
  <testcase name="verifyUserCanEditSubCategoryInformation" time="0.0" classname="executeClasses.ExecuteManageCategory">
    <ignored/>
  </testcase> <!-- verifyUserCanEditSubCategoryInformation -->
  <testcase name="verifyUserAbleToChangeLocationStatus" time="0.0" classname="executeClasses.ExecuteManageLocation">
    <ignored/>
  </testcase> <!-- verifyUserAbleToChangeLocationStatus -->
  <testcase name="verifyUserAbleToNavigateToAddSubCategoryPage" time="0.0" classname="executeClasses.ExecuteManageCategory">
    <ignored/>
  </testcase> <!-- verifyUserAbleToNavigateToAddSubCategoryPage -->
  <testcase name="verifyThatUserIsAbleToSearchExpenseCategory" time="0.0" classname="executeClasses.ExecuteExpenseCategory">
    <ignored/>
  </testcase> <!-- verifyThatUserIsAbleToSearchExpenseCategory -->
  <testcase name="verifyErrorMessageForNoMatch" time="0.0" classname="executeClasses.ExecuteExpenseCategory">
    <ignored/>
  </testcase> <!-- verifyErrorMessageForNoMatch -->
  <testcase name="verifyUserIsAbleToViewOrderDetails" time="0.0" classname="executeClasses.ExecuteManageOrder">
    <ignored/>
  </testcase> <!-- verifyUserIsAbleToViewOrderDetails -->
  <testcase name="verifyNoTwoExpensesWithSameNameCanBeCreated" time="0.0" classname="executeClasses.ExecuteExpenseCategory">
    <ignored/>
  </testcase> <!-- verifyNoTwoExpensesWithSameNameCanBeCreated -->
  <testcase name="verifyUserAbleToAddLocation" time="0.0" classname="executeClasses.ExecuteManageLocation">
    <ignored/>
  </testcase> <!-- verifyUserAbleToAddLocation -->
  <testcase name="verifyUserAbleToSearchASpecificDeliverBoy" time="0.0" classname="executeClasses.ExecuteManageDeliverBoyPage">
    <ignored/>
  </testcase> <!-- verifyUserAbleToSearchASpecificDeliverBoy -->
  <testcase name="verifyLoginButtonText" time="0.0" classname="executeClasses.ExecuteLogin">
    <ignored/>
  </testcase> <!-- verifyLoginButtonText -->
  <testcase name="verifyErrorMessageForNoMatch" time="0.0" classname="executeClasses.ExecuteManageLocation">
    <ignored/>
  </testcase> <!-- verifyErrorMessageForNoMatch -->
  <testcase name="verifyErrorMessageForNoMatch" time="0.0" classname="executeClasses.ExecuteManageDeliverBoyPage">
    <ignored/>
  </testcase> <!-- verifyErrorMessageForNoMatch -->
  <testcase name="verifyUserAbleToSearchLocationWithCountryName" time="0.0" classname="executeClasses.ExecuteManageLocation">
    <ignored/>
  </testcase> <!-- verifyUserAbleToSearchLocationWithCountryName -->
  <testcase name="verifyUserCanDeleteASpecificGroup" time="0.0" classname="executeClasses.ExecuteManageGroups">
    <ignored/>
  </testcase> <!-- verifyUserCanDeleteASpecificGroup -->
  <testcase name="verifyUserAbleToNavigateToAddCategoryPage" time="0.0" classname="executeClasses.ExecuteManageCategory">
    <ignored/>
  </testcase> <!-- verifyUserAbleToNavigateToAddCategoryPage -->
  <testcase name="verifyTextOfNextButton" time="0.0" classname="executeClasses.ExecuteManageCategory">
    <ignored/>
  </testcase> <!-- verifyTextOfNextButton -->
  <testcase name="verifyUserAbleToEditCODInformation" time="0.0" classname="executeClasses.ExecuteManageCOD">
    <ignored/>
  </testcase> <!-- verifyUserAbleToEditCODInformation -->
  <testcase name="verifyUserIsAbleToClickRemembermeCheckBox" time="0.0" classname="executeClasses.ExecuteLogin">
    <ignored/>
  </testcase> <!-- verifyUserIsAbleToClickRemembermeCheckBox -->
  <testcase name="verifyUserAbleToLoginWithValidCredentials" time="0.0" classname="executeClasses.ExecuteLogin">
    <ignored/>
  </testcase> <!-- verifyUserAbleToLoginWithValidCredentials -->
  <testcase name="verifyNoTwoGroupsWithSameNameCanBeCreated" time="0.0" classname="executeClasses.ExecuteManageGroups">
    <ignored/>
  </testcase> <!-- verifyNoTwoGroupsWithSameNameCanBeCreated -->
</testsuite> <!-- Grouping Test -->
